<?xml version="1.0" encoding="UTF-8"?>
<!-- Generated by org.testng.reporters.JUnitReportReporter -->
<testsuite hostname="DESKTOP-16K4T19" failures="0" tests="1" name="TestCases.VerifyMenuBar" time="54.396" errors="0" timestamp="2023-03-14T02:36:38 IST" skipped="0">
  <testcase classname="TestCases.VerifyMenuBar" name="Menubar" time="54.396"/>
  <system-out/>
</testsuite> <!-- TestCases.VerifyMenuBar -->
