<?xml version="1.0" encoding="UTF-8"?>
<!-- Generated by org.testng.reporters.JUnitReportReporter -->
<testsuite hostname="DESKTOP-16K4T19" failures="0" tests="1" name="TestCases.VerifyHeader" time="30.789" errors="0" timestamp="2023-03-14T02:36:38 IST" skipped="0">
  <testcase classname="TestCases.VerifyHeader" name="verify" time="30.789"/>
  <system-out/>
</testsuite> <!-- TestCases.VerifyHeader -->
