<?xml version="1.0" encoding="UTF-8"?>
<!-- Generated by org.testng.reporters.JUnitReportReporter -->
<testsuite hostname="DESKTOP-16K4T19" failures="0" tests="1" name="TestCases.Verify" time="77.322" errors="0" timestamp="2023-03-12T22:32:29 IST" skipped="0">
  <testcase classname="TestCases.Verify" name="verifytoall" time="77.322"/>
  <system-out/>
</testsuite> <!-- TestCases.Verify -->
