<?xml version="1.0" encoding="UTF-8"?>
<!-- Generated by org.testng.reporters.JUnitReportReporter -->
<testsuite hostname="DESKTOP-16K4T19" failures="0" tests="1" name="TestCases.VerifyFotter" time="83.652" errors="0" timestamp="2023-03-29T01:45:44 IST" skipped="0">
  <testcase classname="TestCases.VerifyFotter" name="VerifyFottets" time="83.652"/>
  <system-out/>
</testsuite> <!-- TestCases.VerifyFotter -->
