<?xml version="1.0" encoding="UTF-8"?>
<!-- Generated by org.testng.reporters.JUnitReportReporter -->
<testsuite hostname="DESKTOP-16K4T19" failures="0" tests="1" name="TestCases.VerifyAddcart" time="15.313" errors="0" timestamp="2023-03-29T04:00:22 IST" skipped="0">
  <testcase classname="TestCases.VerifyAddcart" name="verifyAddCart" time="15.313"/>
  <system-out/>
</testsuite> <!-- TestCases.VerifyAddcart -->
